android/app/build/outputs/mapping/release/seeds.txt
com.clinicaltrac.app.MainActivity
com.clinicaltrac.app.MainActivity: MainActivity()
...
androidx.window.embedding.ExtensionEmbeddingBackend: androidx.window.embedding.EmbeddingInterfaceCompat embeddingExtension
com.google.android.gms.internal.measurement.zzfc$zzb: com.google.android.gms.internal.measurement.zzfc$zzb zzc
com.google.android.gms.internal.measurement.zzfi$zzj: boolean zzaz
io.flutter.view.AccessibilityViewEmbedder: android.util.SparseArray flutterIdToOrigin
androidx.window.layout.SidecarCompat: java.lang.String TAG
com.google.android.gms.internal.measurement.zzfp$zza: com.google.android.gms.internal.measurement.zzjf zze
kotlinx.coroutines.scheduling.WorkQueue: int blockingTasksInBuffer
io.flutter.plugin.editing.ImeSyncDeferringInsetsCallback: boolean needsSave
io.flutter.view.FlutterCallbackInformation: java.lang.String callbackClassName
androidx.window.embedding.SplitPairFilter: android.content.ComponentName primaryActivityName
com.google.android.gms.internal.measurement.zzfc$zzg: java.lang.String zzg
com.google.android.gms.internal.measurement.zzfi$zzb: boolean zzi
com.google.android.gms.signin.internal.zai: android.os.Parcelable$Creator CREATOR
com.google.android.gms.location.LocationSettingsRequest: android.os.Parcelable$Creator CREATOR
androidx.window.R$styleable: int[] SplitPlaceholderRule
com.google.android.gms.internal.measurement.zzfi$zzg: com.google.android.gms.internal.measurement.zzjf zzk
androidx.window.embedding.SplitRule: int layoutDirection
com.google.android.gms.internal.measurement.zzfi$zzj: int zzak
com.google.android.gms.internal.measurement.zzfi$zzj: long zzab
com.google.android.gms.location.LocationSettingsStates: android.os.Parcelable$Creator CREATOR
androidx.fragment.app.FragmentManager$LaunchedFragmentInfo: android.os.Parcelable$Creator CREATOR
com.google.android.gms.internal.measurement.zzew$zzf: int zze
androidx.window.layout.WindowMetricsCalculatorCompat: androidx.window.layout.WindowMetricsCalculatorCompat INSTANCE
androidx.window.core.Bounds: int left
com.google.android.gms.internal.measurement.zzfc$zzd: int zze
androidx.window.layout.ActivityCompatHelperApi30: androidx.window.layout.ActivityCompatHelperApi30 INSTANCE
androidx.window.layout.FoldingFeature$OcclusionType: androidx.window.layout.FoldingFeature$OcclusionType NONE
com.google.android.gms.measurement.AppMeasurement$ConditionalUserProperty: long mTriggerTimeout
com.google.android.gms.internal.measurement.zzfi$zzc: int zzf
com.google.android.gms.signin.internal.zak: android.os.Parcelable$Creator CREATOR
io.flutter.embedding.android.FlutterSplashView$SavedState: android.os.Bundle splashScreenState
androidx.fragment.app.FragmentState: android.os.Parcelable$Creator CREATOR
androidx.window.layout.FoldingFeature$Orientation: androidx.window.layout.FoldingFeature$Orientation$Companion Companion
com.google.android.gms.internal.measurement.zzfc$zzd: java.lang.String zzr
com.google.android.gms.internal.measurement.zzfi$zzj: java.lang.String zzv
androidx.window.embedding.SplitController: boolean sDebug
androidx.window.layout.WindowInfoTrackerImpl: androidx.window.layout.WindowBackend windowBackend
kotlinx.coroutines.DispatchedCoroutine: int _decision
kotlinx.coroutines.internal.LockFreeTaskQueueCore: java.lang.Object _next
kotlin.coroutines.jvm.internal.BaseContinuationImpl: kotlin.coroutines.Continuation completion
kotlinx.coroutines.scheduling.WorkQueue: int consumerIndex
com.google.android.gms.internal.measurement.zzew$zza: com.google.android.gms.internal.measurement.zzjf zzg
com.google.android.gms.internal.measurement.zzfi$zze: com.google.android.gms.internal.measurement.zzfi$zze zzc
com.google.android.gms.internal.measurement.zzix: com.google.android.gms.internal.measurement.zzlz zzb
com.google.android.gms.internal.measurement.zzfc$zza$zzc: int zzg
androidx.window.layout.SidecarWindowBackend: java.lang.String TAG
com.google.android.gms.internal.measurement.zzfc$zzb: com.google.android.gms.internal.measurement.zzkw zzd
androidx.window.layout.WindowMetricsCalculator$Companion: kotlin.jvm.functions.Function1 decorator