android/app/build/outputs/mapping/release/mapping.txt
# compiler: R8
# compiler_version: 4.0.52
# min_api: 21
# common_typos_disable
# {"id":"com.android.tools.r8.mapping","version":"2.1"}
# pg_map_id: 333e0fc
# pg_map_hash: SHA-256 333e0fc1894aedfd162c9b178a54f946426d982909cf5dfd8162eb5b21ef5380
...
io.flutter.embedding.engine.plugins.activity.ActivityControlSurface -> l5.b:
    boolean onActivityResult(int,int,android.content.Intent) -> a
    void onNewIntent(android.content.Intent) -> b
    void onRestoreInstanceState(android.os.Bundle) -> c
    void onSaveInstanceState(android.os.Bundle) -> d
    void onUserLeaveHint() -> e
    void attachToActivity(io.flutter.embedding.android.ExclusiveAppComponent,androidx.lifecycle.Lifecycle) -> f
    void detachFromActivityForConfigChanges() -> g
    void detachFromActivity() -> h
io.flutter.embedding.engine.plugins.activity.ActivityPluginBinding -> l5.c:
    java.lang.Object getLifecycle() -> a
    void addRequestPermissionsResultListener(io.flutter.plugin.common.PluginRegistry$RequestPermissionsResultListener) -> b
    void addActivityResultListener(io.flutter.plugin.common.PluginRegistry$ActivityResultListener) -> c
    android.app.Activity getActivity() -> d
    void removeActivityResultListener(io.flutter.plugin.common.PluginRegistry$ActivityResultListener) -> e
    void removeRequestPermissionsResultListener(io.flutter.plugin.common.PluginRegistry$RequestPermissionsResultListener) -> f
io.flutter.embedding.engine.plugins.activity.ActivityPluginBinding$OnSaveInstanceStateListener -> l5.c$a:
    void onRestoreInstanceState(android.os.Bundle) -> c
    void onSaveInstanceState(android.os.Bundle) -> d
io.flutter.embedding.engine.plugins.broadcastreceiver.BroadcastReceiverAware -> m5.a:
    void onAttachedToBroadcastReceiver(io.flutter.embedding.engine.plugins.broadcastreceiver.BroadcastReceiverPluginBinding) -> a
    void onDetachedFromBroadcastReceiver() -> b
io.flutter.embedding.engine.plugins.broadcastreceiver.BroadcastReceiverPluginBinding -> m5.b:
io.flutter.embedding.engine.plugins.contentprovider.ContentProviderAware -> n5.a:
    void onDetachedFromContentProvider() -> a
    void onAttachedToContentProvider(io.flutter.embedding.engine.plugins.contentprovider.ContentProviderPluginBinding) -> b
io.flutter.embedding.engine.plugins.contentprovider.ContentProviderPluginBinding -> n5.b:
io.flutter.embedding.engine.plugins.lifecycle.FlutterLifecycleAdapter -> o5.a:
    androidx.lifecycle.Lifecycle getActivityLifecycle(io.flutter.embedding.engine.plugins.activity.ActivityPluginBinding) -> a
io.flutter.embedding.engine.plugins.service.ServiceAware -> p5.a:
    void onDetachedFromService() -> a
    void onAttachedToService(io.flutter.embedding.engine.plugins.service.ServicePluginBinding) -> b
io.flutter.embedding.engine.plugins.service.ServicePluginBinding -> p5.b:
io.flutter.embedding.engine.plugins.util.GeneratedPluginRegister -> q5.a:
    void registerGeneratedPlugins(io.flutter.embedding.engine.FlutterEngine) -> a