android/app/build/outputs/mapping/release/usage.txt
com.clinicaltrac.app.BuildConfig
com.clinicaltrac.app.R$anim
com.clinicaltrac.app.R$animator
com.clinicaltrac.app.R$attr
com.clinicaltrac.app.R$bool
com.clinicaltrac.app.R$color
com.clinicaltrac.app.R$dimen
com.clinicaltrac.app.R$drawable
com.clinicaltrac.app.R$id
com.clinicaltrac.app.R$integer
com.clinicaltrac.app.R$interpolator
com.clinicaltrac.app.R$layout
com.clinicaltrac.app.R$menu
com.clinicaltrac.app.R$mipmap
com.clinicaltrac.app.R$raw
com.clinicaltrac.app.R$string
com.clinicaltrac.app.R$style
com.clinicaltrac.app.R$styleable
com.clinicaltrac.app.R$xml
com.clinicaltrac.app.R
...
com.baseflow.permissionhandler.PermissionConstants$ServiceStatus
com.baseflow.permissionhandler.PermissionConstants
com.baseflow.permissionhandler.PermissionHandlerPlugin:
    public static void registerWith(io.flutter.plugin.common.PluginRegistry$Registrar)
com.baseflow.permissionhandler.PermissionUtils:
    static final java.lang.String SHARED_PREFERENCES_PERMISSION_WAS_DENIED_BEFORE_KEY
    public void <init>()
com.baseflow.permissionhandler.R$attr
com.baseflow.permissionhandler.R$color
com.baseflow.permissionhandler.R$dimen
com.baseflow.permissionhandler.R$drawable
com.baseflow.permissionhandler.R$id
com.baseflow.permissionhandler.R$integer
com.baseflow.permissionhandler.R$layout
com.baseflow.permissionhandler.R$string
com.baseflow.permissionhandler.R$style
com.baseflow.permissionhandler.R$styleable
com.baseflow.permissionhandler.R
com.crazecoder.openfile.BuildConfig
com.crazecoder.openfile.OpenFilePlugin:
    private static final java.lang.String TYPE_STRING_APK
com.crazecoder.openfile.R$anim
com.crazecoder.openfile.R$animator
com.crazecoder.openfile.R$attr
com.crazecoder.openfile.R$bool
com.crazecoder.openfile.R$color
com.crazecoder.openfile.R$dimen
com.crazecoder.openfile.R$drawable
com.crazecoder.openfile.R$id
com.crazecoder.openfile.R$integer
com.crazecoder.openfile.R$interpolator
com.crazecoder.openfile.R$layout
com.crazecoder.openfile.R$string
com.crazecoder.openfile.R$style
com.crazecoder.openfile.R$styleable
com.crazecoder.openfile.R$xml
com.crazecoder.openfile.R
com.crazecoder.openfile.utils.JsonUtil:
    public void <init>()
com.crazecoder.openfile.utils.MapUtil:
    public void <init>()
com.google.android.datatransport.BuildConfig
com.google.android.datatransport.Event:
    public static com.google.android.datatransport.Event ofData(int,java.lang.Object)
    public static com.google.android.datatransport.Event ofTelemetry(int,java.lang.Object)
    public static com.google.android.datatransport.Event ofTelemetry(java.lang.Object)
    public static com.google.android.datatransport.Event ofUrgent(int,java.lang.Object)
com.google.android.datatransport.R
com.google.android.datatransport.TransportFactory:
    public abstract com.google.android.datatransport.Transport getTransport(java.lang.String,java.lang.Class,com.google.android.datatransport.Transformer)
com.google.android.datatransport.backend.cct.BuildConfig
com.google.android.datatransport.backend.cct.R
com.google.android.datatransport.cct.CCTDestination:
    static final java.lang.String DESTINATION_NAME
    private static final java.lang.String EXTRAS_DELIMITER
    private static final java.lang.String EXTRAS_VERSION_MARKER
    static java.lang.String decodeExtras(byte[])
    static byte[] encodeString(java.lang.String)